<?xml version="1.0" encoding="UTF-8"?>
<testng-results skipped="0" failed="0" ignored="0" total="1" passed="1">
  <reporter-output>
  </reporter-output>
  <suite name="Default suite" duration-ms="2789" started-at="2021-03-31T16:34:01Z" finished-at="2021-03-31T16:34:03Z">
    <groups>
    </groups>
    <test name="Default test" duration-ms="2789" started-at="2021-03-31T16:34:01Z" finished-at="2021-03-31T16:34:03Z">
      <class name="TestScripts.OAuth">
        <test-method status="PASS" signature="OAuth()[pri:0, instance:TestScripts.OAuth@30b8a058]" name="OAuth" duration-ms="2740" started-at="2021-03-31T16:34:01Z" finished-at="2021-03-31T16:34:03Z">
          <reporter-output>
          </reporter-output>
        </test-method> <!-- OAuth -->
      </class> <!-- TestScripts.OAuth -->
    </test> <!-- Default test -->
  </suite> <!-- Default suite -->
</testng-results>
