<?xml version="1.0" encoding="UTF-8"?>
<testng-results skipped="0" failed="0" ignored="0" total="2" passed="2">
  <reporter-output>
    <line>
      <![CDATA[Started execution of first TC]]>
    </line>
    <line>
      <![CDATA[Maximized]]>
    </line>
    <line>
      <![CDATA[CLicked]]>
    </line>
    <line>
      <![CDATA[Finished 1st TC]]>
    </line>
    <line>
      <![CDATA[Started execution of 2nd TC]]>
    </line>
    <line>
      <![CDATA[Maximized]]>
    </line>
    <line>
      <![CDATA[CLicked]]>
    </line>
    <line>
      <![CDATA[Finished 2nd TC]]>
    </line>
  </reporter-output>
  <suite name="Default suite" duration-ms="38837" started-at="2021-05-22T18:35:50Z" finished-at="2021-05-22T18:36:29Z">
    <groups>
    </groups>
    <test name="Default test" duration-ms="38837" started-at="2021-05-22T18:35:50Z" finished-at="2021-05-22T18:36:29Z">
      <class name="selenium.ParallelExecution">
        <test-method status="PASS" signature="TC1()[pri:0, instance:selenium.ParallelExecution@a67c67e]" name="TC1" duration-ms="17245" started-at="2021-05-22T18:35:50Z" finished-at="2021-05-22T18:36:07Z">
          <reporter-output>
            <line>
              <![CDATA[Started execution of first TC]]>
            </line>
            <line>
              <![CDATA[Maximized]]>
            </line>
            <line>
              <![CDATA[CLicked]]>
            </line>
            <line>
              <![CDATA[Finished 1st TC]]>
            </line>
          </reporter-output>
        </test-method> <!-- TC1 -->
        <test-method status="PASS" signature="TC2()[pri:0, instance:selenium.ParallelExecution@a67c67e]" name="TC2" duration-ms="21546" started-at="2021-05-22T18:36:07Z" finished-at="2021-05-22T18:36:29Z">
          <reporter-output>
            <line>
              <![CDATA[Started execution of 2nd TC]]>
            </line>
            <line>
              <![CDATA[Maximized]]>
            </line>
            <line>
              <![CDATA[CLicked]]>
            </line>
            <line>
              <![CDATA[Finished 2nd TC]]>
            </line>
          </reporter-output>
        </test-method> <!-- TC2 -->
      </class> <!-- selenium.ParallelExecution -->
    </test> <!-- Default test -->
  </suite> <!-- Default suite -->
</testng-results>
